<?xml version="1.0" encoding="UTF-8"?>
<!-- Generated by org.testng.reporters.JUnitReportReporter -->
<testsuite hostname="LAPTOP-EDS2GI91" failures="0" tests="1" name="framework.e2eproject.ValidateHeading" time="4.854" errors="0" timestamp="2020-06-12T14:29:59 PDT" skipped="0">
  <testcase classname="framework.e2eproject.ValidateHeading" name="validateHeading" time="4.854"/>
  <system-out/>
</testsuite> <!-- framework.e2eproject.ValidateHeading -->
