<?xml version="1.0" encoding="UTF-8"?>
<!-- Generated by org.testng.reporters.JUnitReportReporter -->
<testsuite hostname="LAPTOP-EDS2GI91" failures="0" tests="3" name="framework.e2eproject.CreateAccountShareWishlist" time="18.313" errors="0" timestamp="2020-06-17T22:41:46 PDT" skipped="0">
  <testcase classname="framework.e2eproject.CreateAccountShareWishlist" name="verifyPurchaseUsingRegisteredEmail" time="5.305"/>
  <system-out/>
  <testcase classname="framework.e2eproject.CreateAccountShareWishlist" name="creatingAccountAndSharingWishList" time="8.344"/>
  <system-out/>
  <testcase classname="framework.e2eproject.CreateAccountShareWishlist" name="verifySavePreviouslyPlacedOrder" time="4.664"/>
  <system-out/>
</testsuite> <!-- framework.e2eproject.CreateAccountShareWishlist -->
