<?xml version="1.0" encoding="UTF-8"?>
<!-- Generated by org.testng.reporters.JUnitReportReporter -->
<testsuite hostname="LAPTOP-EDS2GI91" failures="0" tests="4" name="framework.e2eproject.CreateAccountShareWishlist" time="16.818" errors="0" timestamp="2020-06-19T00:09:34 PDT" skipped="0">
  <testcase classname="framework.e2eproject.CreateAccountShareWishlist" name="creatingAccountAndSharingWishList" time="5.781"/>
  <system-out/>
  <testcase classname="framework.e2eproject.CreateAccountShareWishlist" name="verifyPurchaseUsingRegisteredEmail" time="3.496"/>
  <system-out/>
  <testcase classname="framework.e2eproject.CreateAccountShareWishlist" name="verifySavePreviouslyPlacedOrder" time="3.438"/>
  <system-out/>
  <testcase classname="framework.e2eproject.CreateAccountShareWishlist" name="verifyReOrderProduct" time="4.103"/>
  <system-out/>
</testsuite> <!-- framework.e2eproject.CreateAccountShareWishlist -->
