<?xml version="1.0" encoding="UTF-8"?>
<!-- Generated by org.testng.reporters.JUnitReportReporter -->
<testsuite hostname="LAPTOP-EDS2GI91" failures="0" tests="3" name="framework.e2eproject.ValidateWelcomeMsg" time="0.389" errors="0" timestamp="2020-06-16T23:37:30 PDT" skipped="0">
  <testcase classname="framework.e2eproject.ValidateWelcomeMsg" name="validatePayPal" time="0.100"/>
  <system-out/>
  <testcase classname="framework.e2eproject.ValidateWelcomeMsg" name="validateWelcomeMsg" time="0.163"/>
  <system-out/>
  <testcase classname="framework.e2eproject.ValidateWelcomeMsg" name="validateIconOnPage" time="0.126"/>
  <system-out/>
</testsuite> <!-- framework.e2eproject.ValidateWelcomeMsg -->
