<?xml version="1.0" encoding="UTF-8"?>
<!-- Generated by org.testng.reporters.JUnitReportReporter -->
<testsuite hostname="LAPTOP-EDS2GI91" failures="0" tests="2" name="cucumberoptions.TestRunner" time="23.019" errors="0" timestamp="2020-06-18T21:45:27 PDT" skipped="0">
  <testcase classname="cucumberoptions.TestRunner" name="runScenario" time="12.298"/>
  <system-out/>
  <testcase classname="cucumberoptions.TestRunner" name="runScenario" time="10.721"/>
  <system-out/>
</testsuite> <!-- cucumberoptions.TestRunner -->
