<?xml version="1.0" encoding="UTF-8"?>
<!-- Generated by org.testng.reporters.JUnitReportReporter -->
<testsuite hostname="LAPTOP-EDS2GI91" failures="0" tests="2" name="cucumberoptions.TestRunner" time="23.297" errors="0" timestamp="2020-06-16T21:39:42 PDT" skipped="0">
  <testcase classname="cucumberoptions.TestRunner" name="runScenario" time="11.928"/>
  <system-out/>
  <testcase classname="cucumberoptions.TestRunner" name="runScenario" time="11.369"/>
  <system-out/>
</testsuite> <!-- cucumberoptions.TestRunner -->
