<?xml version="1.0" encoding="UTF-8"?>
<!-- Generated by org.testng.reporters.JUnitReportReporter -->
<testsuite hostname="LAPTOP-EDS2GI91" failures="0" tests="2" name="framework.e2eproject.HomePage" time="12.121" errors="0" timestamp="2020-06-15T23:16:04 PDT" skipped="0">
  <testcase classname="framework.e2eproject.HomePage" name="basePageNavigation" time="8.477"/>
  <system-out/>
  <testcase classname="framework.e2eproject.HomePage" name="basePageNavigation" time="3.644"/>
  <system-out/>
</testsuite> <!-- framework.e2eproject.HomePage -->
