<?xml version="1.0" encoding="UTF-8"?>
<!-- Generated by org.testng.reporters.JUnitReportReporter -->
<testsuite hostname="LAPTOP-EDS2GI91" failures="0" tests="1" name="framework.e2eproject.MobilePageSorting" time="1.682" errors="0" timestamp="2020-06-15T23:16:04 PDT" skipped="0">
  <testcase classname="framework.e2eproject.MobilePageSorting" name="validateMobileSorting" time="1.682"/>
  <system-out/>
</testsuite> <!-- framework.e2eproject.MobilePageSorting -->
