<?xml version="1.0" encoding="UTF-8"?>
<!-- Generated by org.testng.reporters.JUnitReportReporter -->
<testsuite hostname="LAPTOP-EDS2GI91" failures="0" tests="1" name="framework.e2eproject.ValidateHeader" time="0.136" errors="0" timestamp="2020-06-15T23:16:04 PDT" skipped="0">
  <testcase classname="framework.e2eproject.ValidateHeader" name="validateHeader" time="0.136"/>
  <system-out/>
</testsuite> <!-- framework.e2eproject.ValidateHeader -->
