<?xml version="1.0" encoding="UTF-8"?>
<!-- Generated by org.testng.reporters.JUnitReportReporter -->
<testsuite hostname="LAPTOP-EDS2GI91" failures="0" tests="2" name="framework.e2eproject.CreateAccountShareWishlist" time="13.275" errors="0" timestamp="2020-06-16T23:39:41 PDT" skipped="0">
  <testcase classname="framework.e2eproject.CreateAccountShareWishlist" name="creatingAccountAndSharingWishList" time="7.619"/>
  <system-out/>
  <testcase classname="framework.e2eproject.CreateAccountShareWishlist" name="verifyPurchaseUsingRegisteredEmail" time="5.656"/>
  <system-out/>
</testsuite> <!-- framework.e2eproject.CreateAccountShareWishlist -->
